17:40:06: Creating resource group General
17:40:06: Creating resource group Internal
17:40:06: Creating resource group Autodetect
17:40:06: Registering ResourceManager for type Mesh
17:40:06: Registering ResourceManager for type Material
17:40:06: Registering ResourceManager for type Skeleton
17:40:06: XMLMeshSerializer reading mesh data from /home/nate/work/psg/new_gazebo/gazebo/Media/models/pioneer2at/Cylinder.012.mesh.xml...
17:40:06: Reading submeshes...
17:40:06: Reading geometry...
17:40:06: Geometry done...
17:40:06: Submeshes done.
17:40:06: XMLMeshSerializer import successful.
17:40:06: Reorganising vertex buffers to automatic layout..
17:40:06: MeshSerializer writing mesh data to /home/nate/work/psg/new_gazebo/gazebo/Media/models/pioneer2at/Cylinder.012.mesh...
17:40:06: File header written.
17:40:06: Writing mesh data...
17:40:06: Writing submesh...
17:40:06: Exporting submesh texture aliases...
17:40:06: Submesh texture aliases exported.
17:40:06: Submesh exported.
17:40:06: Exporting bounds information....
17:40:06: Bounds information exported.
17:40:06: Exporting submesh name table...
17:40:06: Submesh name table exported.
17:40:06: Exporting edge lists...
17:40:06: Edge lists exported
17:40:06: Mesh data exported.
17:40:06: MeshSerializer export successful.
17:40:06: Unregistering ResourceManager for type Skeleton
17:40:06: Unregistering ResourceManager for type Material
17:40:06: Unregistering ResourceManager for type Mesh
