01:18:25: Creating resource group General
01:18:25: Creating resource group Internal
01:18:25: Creating resource group Autodetect
01:18:25: Registering ResourceManager for type Mesh
01:18:25: Registering ResourceManager for type Material
01:18:25: Registering ResourceManager for type Skeleton
01:18:25: XMLMeshSerializer reading mesh data from /home/swilliams8/Code/GazeboModel-PioneerArm/Media/sets/pioneerarm/PioneerArm/Gripper.mesh.xml...
01:18:25: Reading submeshes...
01:18:25: Reading geometry...
01:18:25: Geometry done...
01:18:25: Submeshes done.
01:18:25: XMLMeshSerializer import successful.
01:18:25: Reorganising vertex buffers to automatic layout..
01:18:25: MeshSerializer writing mesh data to /home/swilliams8/Code/GazeboModel-PioneerArm/Media/sets/pioneerarm/PioneerArm/Gripper.mesh...
01:18:25: File header written.
01:18:25: Writing mesh data...
01:18:25: Writing submesh...
01:18:25: Exporting submesh texture aliases...
01:18:25: Submesh texture aliases exported.
01:18:25: Submesh exported.
01:18:25: Exporting bounds information....
01:18:25: Bounds information exported.
01:18:25: Exporting submesh name table...
01:18:25: Submesh name table exported.
01:18:25: Exporting edge lists...
01:18:25: Edge lists exported
01:18:25: Mesh data exported.
01:18:25: MeshSerializer export successful.
01:18:25: Unregistering ResourceManager for type Skeleton
01:18:25: Unregistering ResourceManager for type Material
01:18:25: Unregistering ResourceManager for type Mesh
