17:38:39: Creating resource group General
17:38:39: Creating resource group Internal
17:38:39: Creating resource group Autodetect
17:38:39: Registering ResourceManager for type Mesh
17:38:39: Registering ResourceManager for type Material
17:38:39: Registering ResourceManager for type Skeleton
17:38:39: XMLMeshSerializer reading mesh data from cube.xml...
17:38:39: Reading submeshes...
17:38:39: Reading geometry...
17:38:39: Geometry done...
17:38:39: Submeshes done.
17:38:39: XMLMeshSerializer import successful.
17:38:39: Reorganising vertex buffers to automatic layout..
17:38:39: MeshSerializer writing mesh data to cube...
17:38:39: File header written.
17:38:39: Writing mesh data...
17:38:39: Writing submesh...
17:38:39: Exporting submesh texture aliases...
17:38:39: Submesh texture aliases exported.
17:38:39: Submesh exported.
17:38:39: Exporting bounds information....
17:38:39: Bounds information exported.
17:38:39: Exporting submesh name table...
17:38:39: Submesh name table exported.
17:38:39: Exporting edge lists...
17:38:39: Edge lists exported
17:38:39: Mesh data exported.
17:38:39: MeshSerializer export successful.
17:38:39: Unregistering ResourceManager for type Skeleton
17:38:39: Unregistering ResourceManager for type Material
17:38:39: Unregistering ResourceManager for type Mesh
