10:21:39: Creating resource group General
10:21:39: Creating resource group Internal
10:21:39: Creating resource group Autodetect
10:21:39: SceneManagerFactory for type 'DefaultSceneManager' registered.
10:21:39: Registering ResourceManager for type Material
10:21:39: Registering ResourceManager for type Mesh
10:21:39: Registering ResourceManager for type Skeleton
10:21:39: MovableObjectFactory for type 'ParticleSystem' registered.
10:21:39: OverlayElementFactory for type Panel registered.
10:21:39: OverlayElementFactory for type BorderPanel registered.
10:21:39: OverlayElementFactory for type TextArea registered.
10:21:39: Registering ResourceManager for type Font
10:21:39: ArchiveFactory for archive type FileSystem registered.
10:21:39: ArchiveFactory for archive type Zip registered.
10:21:39: DDS codec registering
10:21:39: FreeImage version: 3.13.1
10:21:39: This program uses FreeImage, a free, open source image library supporting all common bitmap formats. See http://freeimage.sourceforge.net for details
10:21:39: Supported formats: bmp,ico,jpg,jif,jpeg,jpe,jng,koa,iff,lbm,mng,pbm,pbm,pcd,pcx,pgm,pgm,png,ppm,ppm,ras,tga,targa,tif,tiff,wap,wbmp,wbm,psd,cut,xbm,xpm,gif,hdr,g3,sgi,exr,j2k,j2c,jp2,pfm,pct,pict,pic,bay,bmq,cr2,crw,cs1,dc2,dcr,dng,erf,fff,hdr,k25,kdc,mdc,mos,mrw,nef,orf,pef,pxn,raf,raw,rdc,sr2,srf,arw,3fr,cine,ia,kc2,mef,nrw,qtk,rw2,sti,drf,dsc,ptx,cap,iiq,rwz
10:21:39: Registering ResourceManager for type HighLevelGpuProgram
10:21:39: Registering ResourceManager for type Compositor
10:21:39: MovableObjectFactory for type 'Entity' registered.
10:21:39: MovableObjectFactory for type 'Light' registered.
10:21:39: MovableObjectFactory for type 'BillboardSet' registered.
10:21:39: MovableObjectFactory for type 'ManualObject' registered.
10:21:39: MovableObjectFactory for type 'BillboardChain' registered.
10:21:39: MovableObjectFactory for type 'RibbonTrail' registered.
10:21:39: OGRE EXCEPTION(6:FileNotFoundException): 'plugins.cfg' file not found! in ConfigFile::load at /home/nkoenig/Downloads/ogre_src_v1-7-3/OgreMain/src/OgreConfigFile.cpp (line 83)
10:21:39: plugins.cfg not found, automatic plugin loading disabled.
10:21:39: *-*-* OGRE Initialising
10:21:39: *-*-* Version 1.7.3 (Cthugha)
10:21:39: Loading library /home/nkoenig/local/lib/OGRE/RenderSystem_GL.so
10:21:39: Installing plugin: GL RenderSystem
10:21:39: OpenGL Rendering Subsystem created.
10:21:39: Plugin successfully installed
10:21:39: Loading library /home/nkoenig/local/lib/OGRE/Plugin_ParticleFX.so
10:21:39: Installing plugin: ParticleFX
10:21:39: Particle Emitter Type 'Point' registered
10:21:39: Particle Emitter Type 'Box' registered
10:21:39: Particle Emitter Type 'Ellipsoid' registered
10:21:39: Particle Emitter Type 'Cylinder' registered
10:21:39: Particle Emitter Type 'Ring' registered
10:21:39: Particle Emitter Type 'HollowEllipsoid' registered
10:21:39: Particle Affector Type 'LinearForce' registered
10:21:39: Particle Affector Type 'ColourFader' registered
10:21:39: Particle Affector Type 'ColourFader2' registered
10:21:39: Particle Affector Type 'ColourImage' registered
10:21:39: Particle Affector Type 'ColourInterpolator' registered
10:21:39: Particle Affector Type 'Scaler' registered
10:21:39: Particle Affector Type 'Rotator' registered
10:21:39: Particle Affector Type 'DirectionRandomiser' registered
10:21:39: Particle Affector Type 'DeflectorPlane' registered
10:21:39: Plugin successfully installed
10:21:39: Loading library /home/nkoenig/local/lib/OGRE/Plugin_BSPSceneManager.so
10:21:39: Installing plugin: BSP Scene Manager
10:21:39: Plugin successfully installed
10:21:39: Loading library /home/nkoenig/local/lib/OGRE/Plugin_OctreeSceneManager.so
10:21:39: Installing plugin: Octree & Terrain Scene Manager
10:21:39: Plugin successfully installed
10:21:39: Loading library /home/nkoenig/local/lib/OGRE/Plugin_CgProgramManager.so
10:21:39: Installing plugin: Cg Program Manager
10:21:39: Plugin successfully installed
10:21:39: CPU Identifier & Features
10:21:39: -------------------------
10:21:39:  *   CPU ID: GenuineIntel: Intel(R) Core(TM)2 Quad CPU    Q6600  @ 2.40GHz
10:21:39:  *      SSE: yes
10:21:39:  *     SSE2: yes
10:21:39:  *     SSE3: yes
10:21:39:  *      MMX: yes
10:21:39:  *   MMXEXT: yes
10:21:39:  *    3DNOW: no
10:21:39:  * 3DNOWEXT: no
10:21:39:  *     CMOV: yes
10:21:39:  *      TSC: yes
10:21:39:  *      FPU: yes
10:21:39:  *      PRO: yes
10:21:39:  *       HT: no
10:21:39: -------------------------
10:21:39: ******************************
*** Starting GLX Subsystem ***
******************************
10:21:39: Added resource location '/home/nkoenig/local/share/gazebo-1.0.0/' of type 'FileSystem' to resource group 'General'
10:21:39: Added resource location '/home/nkoenig/local/share/gazebo-1.0.0/Media' of type 'FileSystem' to resource group 'General'
10:21:39: Added resource location '/home/nkoenig/local/share/gazebo-1.0.0/Media/fonts' of type 'FileSystem' to resource group 'General'
10:21:39: Added resource location '/home/nkoenig/local/share/gazebo-1.0.0/Media/rtshaderlib' of type 'FileSystem' to resource group 'General'
10:21:39: Added resource location '/home/nkoenig/local/share/gazebo-1.0.0/Media/materials/programs' of type 'FileSystem' to resource group 'General'
10:21:39: Added resource location '/home/nkoenig/local/share/gazebo-1.0.0/Media/materials/scripts' of type 'FileSystem' to resource group 'General'
10:21:39: Added resource location '/home/nkoenig/local/share/gazebo-1.0.0/Media/materials/textures' of type 'FileSystem' to resource group 'General'
10:21:39: Added resource location '/home/nkoenig/local/share/gazebo-1.0.0/Media/models' of type 'FileSystem' to resource group 'General'
10:21:39: Added resource location '/home/nkoenig/local/share/gazebo-1.0.0/Media/sets' of type 'FileSystem' to resource group 'General'
10:21:39: Added resource location '/home/nkoenig/local/share/gazebo-1.0.0/Media/maps' of type 'FileSystem' to resource group 'General'
10:21:39: GLRenderSystem::_createRenderWindow "OgreWindow(0)", 1x1 windowed  miscParams: externalGLControl= parentWindowHandle=81788929 
10:21:39: GLXWindow::create used FBConfigID = 117
10:21:39: GL_VERSION = 3.3.0 NVIDIA 270.41.06
10:21:39: GL_VENDOR = NVIDIA Corporation
10:21:39: GL_RENDERER = GeForce 8800 GT/PCI/SSE2
10:21:39: GL_EXTENSIONS = GL_ARB_blend_func_extended GL_ARB_color_buffer_float GL_ARB_compatibility GL_ARB_copy_buffer GL_ARB_depth_buffer_float GL_ARB_depth_clamp GL_ARB_depth_texture GL_ARB_draw_buffers GL_ARB_draw_elements_base_vertex GL_ARB_draw_instanced GL_ARB_ES2_compatibility GL_ARB_explicit_attrib_location GL_ARB_fragment_coord_conventions GL_ARB_fragment_program GL_ARB_fragment_program_shadow GL_ARB_fragment_shader GL_ARB_framebuffer_object GL_ARB_framebuffer_sRGB GL_ARB_geometry_shader4 GL_ARB_get_program_binary GL_ARB_half_float_pixel GL_ARB_half_float_vertex GL_ARB_imaging GL_ARB_instanced_arrays GL_ARB_map_buffer_range GL_ARB_multisample GL_ARB_multitexture GL_ARB_occlusion_query GL_ARB_occlusion_query2 GL_ARB_pixel_buffer_object GL_ARB_point_parameters GL_ARB_point_sprite GL_ARB_provoking_vertex GL_ARB_robustness GL_ARB_sampler_objects GL_ARB_seamless_cube_map GL_ARB_separate_shader_objects GL_ARB_shader_bit_encoding GL_ARB_shader_objects GL_ARB_shading_language_100 GL_ARB_shading_language_include GL_ARB_shadow GL_ARB_sync GL_ARB_texture_border_clamp GL_ARB_texture_buffer_object GL_ARB_texture_compression GL_ARB_texture_compression_rgtc GL_ARB_texture_cube_map GL_ARB_texture_env_add GL_ARB_texture_env_combine GL_ARB_texture_env_crossbar GL_ARB_texture_env_dot3 GL_ARB_texture_float GL_ARB_texture_mirrored_repeat GL_ARB_texture_multisample GL_ARB_texture_non_power_of_two GL_ARB_texture_rectangle GL_ARB_texture_rg GL_ARB_texture_rgb10_a2ui GL_ARB_texture_swizzle GL_ARB_timer_query GL_ARB_transpose_matrix GL_ARB_uniform_buffer_object GL_ARB_vertex_array_bgra GL_ARB_vertex_array_object GL_ARB_vertex_buffer_object GL_ARB_vertex_program GL_ARB_vertex_shader GL_ARB_vertex_type_2_10_10_10_rev GL_ARB_viewport_array GL_ARB_window_pos GL_ATI_draw_buffers GL_ATI_texture_float GL_ATI_texture_mirror_once GL_S3_s3tc GL_EXT_texture_env_add GL_EXT_abgr GL_EXT_bgra GL_EXT_bindable_uniform GL_EXT_blend_color GL_EXT_blend_equation_separate GL_EXT_blend_func_separate GL_EXT_blend_minmax GL_EXT_blend_subtract GL_EXT_compiled_vertex_array GL_EXT_Cg_shader GL_EXT_depth_bounds_test GL_EXT_direct_state_access GL_EXT_draw_buffers2 GL_EXT_draw_instanced GL_EXT_draw_range_elements GL_EXT_fog_coord GL_EXT_framebuffer_blit GL_EXT_framebuffer_multisample GL_EXTX_framebuffer_mixed_formats GL_EXT_framebuffer_object GL_EXT_framebuffer_sRGB GL_EXT_geometry_shader4 GL_EXT_gpu_program_parameters GL_EXT_gpu_shader4 GL_EXT_multi_draw_arrays GL_EXT_packed_depth_stencil GL_EXT_packed_float GL_EXT_packed_pixels GL_EXT_pixel_buffer_object GL_EXT_point_parameters GL_EXT_provoking_vertex GL_EXT_rescale_normal GL_EXT_secondary_color GL_EXT_separate_shader_objects GL_EXT_separate_specular_color GL_EXT_shadow_funcs GL_EXT_stencil_two_side GL_EXT_stencil_wrap GL_EXT_texture3D GL_EXT_texture_array GL_EXT_texture_buffer_object GL_EXT_texture_compression_dxt1 GL_EXT_texture_compression_latc GL_EXT_texture_compression_rgtc GL_EXT_texture_compression_s3tc GL_EXT_texture_cube_map GL_EXT_texture_edge_clamp GL_EXT_texture_env_combine GL_EXT_texture_env_dot3 GL_EXT_texture_filter_anisotropic GL_EXT_texture_format_BGRA8888 GL_EXT_texture_integer GL_EXT_texture_lod GL_EXT_texture_lod_bias GL_EXT_texture_mirror_clamp GL_EXT_texture_object GL_EXT_texture_shared_exponent GL_EXT_texture_sRGB GL_EXT_texture_swizzle GL_EXT_texture_type_2_10_10_10_REV GL_EXT_timer_query GL_EXT_vertex_array GL_EXT_vertex_array_bgra GL_IBM_rasterpos_clip GL_IBM_texture_mirrored_repeat GL_KTX_buffer_region GL_NV_alpha_test GL_NV_blend_minmax GL_NV_blend_square GL_NV_complex_primitives GL_NV_conditional_render GL_NV_copy_depth_to_color GL_NV_copy_image GL_NV_depth_buffer_float GL_NV_depth_clamp GL_NV_explicit_multisample GL_NV_fbo_color_attachments GL_NV_fence GL_NV_float_buffer GL_NV_fog_distance GL_NV_fragdepth GL_NV_fragment_program GL_NV_fragment_program_option GL_NV_fragment_program2 GL_NV_framebuffer_multisample_coverage GL_NV_geometry_shader4 GL_NV_gpu_program4 GL_NV_half_float GL_NV_light_max_exponent GL_NV_multisample_coverage GL_NV_multisample_filter_hint GL_NV_occlusion_query GL_NV_packed_depth_stencil GL_NV_parameter_buffer_object GL_NV_parameter_buffer_object2 GL_NV_pixel_data_range GL_NV_point_sprite GL_NV_primitive_restart GL_NV_register_combiners GL_NV_register_combiners2 GL_NV_shader_buffer_load GL_NV_texgen_reflection GL_NV_texture_barrier GL_NV_texture_compression_vtc GL_NV_texture_env_combine4 GL_NV_texture_expand_normal GL_NV_texture_lod_clamp GL_NV_texture_multisample GL_NV_texture_rectangle GL_NV_texture_shader GL_NV_texture_shader2 GL_NV_texture_shader3 GL_NV_transform_feedback GL_NV_vdpau_interop GL_NV_vertex_array_range GL_NV_vertex_array_range2 GL_NV_vertex_buffer_unified_memory GL_NV_vertex_program GL_NV_vertex_program1_1 GL_NV_vertex_program2 GL_NV_vertex_program2_option GL_NV_vertex_program3 GL_NVX_conditional_render GL_NVX_gpu_memory_info GL_OES_depth24 GL_OES_depth32 GL_OES_depth_texture GL_OES_element_index_uint GL_OES_fbo_render_mipmap GL_OES_get_program_binary GL_OES_mapbuffer GL_OES_packed_depth_stencil GL_OES_rgb8_rgba8 GL_OES_standard_derivatives GL_OES_texture_3D GL_OES_texture_float GL_OES_texture_float_linear GL_OES_texture_half_float GL_OES_texture_half_float_linear GL_OES_texture_npot GL_OES_vertex_array_object GL_OES_vertex_half_float GL_SGIS_generate_mipmap GL_SGIS_texture_lod GL_SGIX_depth_texture GL_SGIX_shadow GL_SUN_slice_accum 
10:21:39: Supported GLX extensions: GLX_EXT_visual_info GLX_EXT_visual_rating GLX_SGIX_fbconfig GLX_SGIX_pbuffer GLX_SGI_video_sync GLX_SGI_swap_control GLX_EXT_swap_control GLX_EXT_texture_from_pixmap GLX_ARB_create_context GLX_ARB_create_context_profile GLX_EXT_create_context_es2_profile GLX_ARB_create_context_robustness GLX_ARB_multisample GLX_NV_float_buffer GLX_ARB_fbconfig_float GLX_EXT_framebuffer_sRGB GLX_ARB_get_proc_address 
10:21:39: ***************************
10:21:39: *** GL Renderer Started ***
10:21:39: ***************************
10:21:39: Registering ResourceManager for type GpuProgram
10:21:39: GLSL support detected
10:21:39: GL: Using GL_EXT_framebuffer_object for rendering to textures (best)
10:21:39: FBO PF_UNKNOWN depth/stencil support: D16S0 D24S0 D32S0 Packed-D24S8 
10:21:39: FBO PF_L8 depth/stencil support: D0S0 D16S0 D24S0 D32S0 Packed-D24S8 
10:21:39: FBO PF_A8 depth/stencil support: D0S0 D16S0 D24S0 D32S0 Packed-D24S8 
10:21:39: FBO PF_A4L4 depth/stencil support: D0S0 D16S0 D24S0 D32S0 Packed-D24S8 
10:21:39: FBO PF_BYTE_LA depth/stencil support: D0S0 D16S0 D24S0 D32S0 Packed-D24S8 
10:21:39: FBO PF_R5G6B5 depth/stencil support: D0S0 D16S0 D24S0 D32S0 Packed-D24S8 
10:21:39: FBO PF_B5G6R5 depth/stencil support: D0S0 D16S0 D24S0 D32S0 Packed-D24S8 
10:21:39: FBO PF_A1R5G5B5 depth/stencil support: D0S0 D16S0 D24S0 D32S0 Packed-D24S8 
10:21:39: FBO PF_R8G8B8 depth/stencil support: D0S0 D16S0 D24S0 D32S0 Packed-D24S8 
10:21:39: FBO PF_B8G8R8 depth/stencil support: D0S0 D16S0 D24S0 D32S0 Packed-D24S8 
10:21:39: FBO PF_A8R8G8B8 depth/stencil support: D0S0 D16S0 D24S0 D32S0 Packed-D24S8 
10:21:39: FBO PF_B8G8R8A8 depth/stencil support: D0S0 D16S0 D24S0 D32S0 Packed-D24S8 
10:21:39: FBO PF_A2R10G10B10 depth/stencil support: D0S0 D16S0 D24S0 D32S0 Packed-D24S8 
10:21:39: FBO PF_A2B10G10R10 depth/stencil support: D0S0 D16S0 D24S0 D32S0 Packed-D24S8 
10:21:39: FBO PF_FLOAT16_RGB depth/stencil support: D0S0 D16S0 D24S0 D32S0 Packed-D24S8 
10:21:39: FBO PF_FLOAT16_RGBA depth/stencil support: D0S0 D16S0 D24S0 D32S0 Packed-D24S8 
10:21:39: FBO PF_FLOAT32_RGB depth/stencil support: D0S0 D16S0 D24S0 D32S0 Packed-D24S8 
10:21:39: FBO PF_FLOAT32_RGBA depth/stencil support: D0S0 D16S0 D24S0 D32S0 Packed-D24S8 
10:21:39: FBO PF_X8R8G8B8 depth/stencil support: D0S0 D16S0 D24S0 D32S0 Packed-D24S8 
10:21:39: FBO PF_X8B8G8R8 depth/stencil support: D0S0 D16S0 D24S0 D32S0 Packed-D24S8 
10:21:39: FBO PF_SHORT_RGBA depth/stencil support: D0S0 D16S0 D24S0 D32S0 Packed-D24S8 
10:21:39: FBO PF_R3G3B2 depth/stencil support: D0S0 D16S0 D24S0 D32S0 Packed-D24S8 
10:21:39: FBO PF_FLOAT16_R depth/stencil support: D0S0 D16S0 D24S0 D32S0 Packed-D24S8 
10:21:39: FBO PF_FLOAT32_R depth/stencil support: D0S0 D16S0 D24S0 D32S0 Packed-D24S8 
10:21:39: FBO PF_FLOAT16_GR depth/stencil support: D0S0 D16S0 D24S0 D32S0 Packed-D24S8 
10:21:39: FBO PF_FLOAT32_GR depth/stencil support: D0S0 D16S0 D24S0 D32S0 Packed-D24S8 
10:21:39: FBO PF_SHORT_RGB depth/stencil support: D0S0 D16S0 D24S0 D32S0 Packed-D24S8 
10:21:39: [GL] : Valid FBO targets PF_UNKNOWN PF_L8 PF_A8 PF_A4L4 PF_BYTE_LA PF_R5G6B5 PF_B5G6R5 PF_A1R5G5B5 PF_R8G8B8 PF_B8G8R8 PF_A8R8G8B8 PF_B8G8R8A8 PF_A2R10G10B10 PF_A2B10G10R10 PF_FLOAT16_RGB PF_FLOAT16_RGBA PF_FLOAT32_RGB PF_FLOAT32_RGBA PF_X8R8G8B8 PF_X8B8G8R8 PF_SHORT_RGBA PF_R3G3B2 PF_FLOAT16_R PF_FLOAT32_R PF_FLOAT16_GR PF_FLOAT32_GR PF_SHORT_RGB 
10:21:39: RenderSystem capabilities
10:21:39: -------------------------
10:21:39: RenderSystem Name: OpenGL Rendering Subsystem
10:21:39: GPU Vendor: nvidia
10:21:39: Device Name: GeForce 8800 GT/PCI/SSE2
10:21:39: Driver Version: 3.3.0.0
10:21:39:  * Fixed function pipeline: yes
10:21:39:  * Hardware generation of mipmaps: yes
10:21:39:  * Texture blending: yes
10:21:39:  * Anisotropic texture filtering: yes
10:21:39:  * Dot product texture operation: yes
10:21:39:  * Cube mapping: yes
10:21:39:  * Hardware stencil buffer: yes
10:21:39:    - Stencil depth: 8
10:21:39:    - Two sided stencil support: yes
10:21:39:    - Wrap stencil values: yes
10:21:39:  * Hardware vertex / index buffers: yes
10:21:39:  * Vertex programs: yes
10:21:39:  * Number of floating-point constants for vertex programs: 1024
10:21:39:  * Number of integer constants for vertex programs: 0
10:21:39:  * Number of boolean constants for vertex programs: 0
10:21:39:  * Fragment programs: yes
10:21:39:  * Number of floating-point constants for fragment programs: 512
10:21:39:  * Number of integer constants for fragment programs: 0
10:21:39:  * Number of boolean constants for fragment programs: 0
10:21:39:  * Geometry programs: yes
10:21:39:  * Number of floating-point constants for geometry programs: 512
10:21:39:  * Number of integer constants for geometry programs: 0
10:21:39:  * Number of boolean constants for geometry programs: 0
10:21:39:  * Supported Shader Profiles: arbfp1 arbvp1 fp20 fp30 fp40 glsl gp4gp gp4vp gpu_gp gpu_vp nvgp4 vp30 vp40
10:21:39:  * Texture Compression: yes
10:21:39:    - DXT: yes
10:21:39:    - VTC: yes
10:21:39:    - PVRTC: no
10:21:39:  * Scissor Rectangle: yes
10:21:39:  * Hardware Occlusion Query: yes
10:21:39:  * User clip planes: yes
10:21:39:  * VET_UBYTE4 vertex element type: yes
10:21:39:  * Infinite far plane projection: yes
10:21:39:  * Hardware render-to-texture: yes
10:21:39:  * Floating point textures: yes
10:21:39:  * Non-power-of-two textures: yes
10:21:39:  * Volume textures: yes
10:21:39:  * Multiple Render Targets: 8
10:21:39:    - With different bit depths: yes
10:21:39:  * Point Sprites: yes
10:21:39:  * Extended point parameters: yes
10:21:39:  * Max Point Size: 63.375
10:21:39:  * Vertex texture fetch: yes
10:21:39:  * Number of world matrices: 0
10:21:39:  * Number of texture units: 32
10:21:39:  * Stencil buffer depth: 8
10:21:39:  * Number of vertex blend matrices: 0
10:21:39:    - Max vertex textures: 32
10:21:39:    - Vertex textures shared: yes
10:21:39:  * Render to Vertex Buffer : yes
10:21:39:  * GL 1.5 without VBO workaround: no
10:21:39:  * Frame Buffer objects: yes
10:21:39:  * Frame Buffer objects (ARB extension): no
10:21:39:  * Frame Buffer objects (ATI extension): no
10:21:39:  * PBuffer support: yes
10:21:39:  * GL 1.5 without HW-occlusion workaround: no
10:21:39: Registering ResourceManager for type Texture
10:21:39: DefaultWorkQueue('Root') initialising on thread 0x1fc84c0.
10:21:39: DefaultWorkQueue('Root')::WorkerFunc - thread 0x7ff320133240 starting.
10:21:39: DefaultWorkQueue('Root')::WorkerFunc - thread 0x7ff320123310 starting.
10:21:39: DefaultWorkQueue('Root')::WorkerFunc - thread 0x7ff3201228d0 starting.
10:21:39: DefaultWorkQueue('Root')::WorkerFunc - thread 0x7ff320132850 starting.
10:21:39: Particle Renderer Type 'billboard' registered
10:21:39: SceneManagerFactory for type 'BspSceneManager' registered.
10:21:39: Registering ResourceManager for type BspLevel
10:21:39: SceneManagerFactory for type 'OctreeSceneManager' registered.
10:21:39: SceneManagerFactory for type 'TerrainSceneManager' registered.
10:21:39: Parsing scripts for resource group Autodetect
10:21:39: Finished parsing scripts for resource group Autodetect
10:21:39: Parsing scripts for resource group General
10:21:39: Parsing script shadow_receiver.program
10:21:39: GLSL compiling: spot_receiver_vp_glsl
10:21:39: GLSL compiled : spot_receiver_vp_glsl
10:21:39: GLSL compiling: spot_receiver_fp_glsl
10:21:39: GLSL compiled : spot_receiver_fp_glsl
10:21:39: GLSL compiling: directional_receiver_vp_glsl
10:21:39: GLSL compiled : directional_receiver_vp_glsl
10:21:39: GLSL compiling: directional_receiver_fp_glsl
10:21:39: GLSL compiled : directional_receiver_fp_glsl0(141) : warning C7011: implicit cast from "float" to "bool"

10:21:39: GLSL compiling: point_receiver_vp_glsl
10:21:39: GLSL compiled : point_receiver_vp_glsl
10:21:39: GLSL compiling: point_receiver_fp_glsl
10:21:39: GLSL compiled : point_receiver_fp_glsl
10:21:39: Parsing script shadow_caster.program
10:21:39: GLSL compiling: shadow_caster_vp_glsl
10:21:39: GLSL compiled : shadow_caster_vp_glsl
10:21:39: GLSL compiling: shadow_caster_fp_glsl
10:21:39: GLSL compiled : shadow_caster_fp_glsl
10:21:39: Parsing script perpixel.program
10:21:39: GLSL compiling: ambient_one_texture_vp_glsl
10:21:39: GLSL compiled : ambient_one_texture_vp_glsl
10:21:39: GLSL compiling: perpixel_vp_glsl
10:21:39: GLSL compiled : perpixel_vp_glsl
10:21:39: GLSL compiling: perpixel_fp_glsl
10:21:39: GLSL compiled : perpixel_fp_glsl
10:21:39: Parsing script kitchen.material
10:21:39: Parsing script pssm.material
10:21:40: Parsing script Gazebo.material
10:21:40: Parsing script blur.material
10:21:40: GLSL compiling: blur_ps
10:21:40: GLSL compiled : blur_ps
10:21:40: Parsing script blur.compositor
10:21:40: Parsing script Gazebo.fontdef
10:21:40: Parsing script sample.fontdef
10:21:40: Bad attribute line: glyph	 	0.152344	0.125	0.160156	0.1875 in font Ogre
10:21:40: Finished parsing scripts for resource group General
10:21:40: Parsing scripts for resource group Internal
10:21:40: Finished parsing scripts for resource group Internal
10:21:40: Added resource location '/home/nkoenig/local/share/gazebo-1.0.0/Media/rtshaderlib/' of type 'FileSystem' to resource group 'General'
10:21:40: Creating resource group ShaderGeneratorResourceGroup
10:21:40: Added resource location '/tmp/gazebo-nkoenig-rtshaderlibcache/' of type 'FileSystem' to resource group 'ShaderGeneratorResourceGroup'
10:21:43: Texture: redSelect.png: Loading 1 faces(PF_A8R8G8B8,256x256x1) with 5 generated mipmaps from Image. Internal format is PF_A8R8G8B8,256x256x1.
10:21:43: Texture: greenSelect.png: Loading 1 faces(PF_A8R8G8B8,256x256x1) with 5 generated mipmaps from Image. Internal format is PF_A8R8G8B8,256x256x1.
10:21:43: Texture: blueSelect.png: Loading 1 faces(PF_A8R8G8B8,256x256x1) with 5 generated mipmaps from Image. Internal format is PF_A8R8G8B8,256x256x1.
10:21:44: GLRenderSystem::_createRenderWindow "OgreWindow(1)", 700x622 windowed  miscParams: externalGLControl= parentWindowHandle=140682193655392:0:85983274 
10:21:44: GLXWindow::create used FBConfigID = 117
10:21:46: Texture: wg/texture0.jpg: Loading 1 faces(PF_R8G8B8,512x512x1) with 5 generated mipmaps from Image. Internal format is PF_X8R8G8B8,512x512x1.
10:21:46: Texture: wg/texture1.jpg: Loading 1 faces(PF_R8G8B8,512x512x1) with 5 generated mipmaps from Image. Internal format is PF_X8R8G8B8,512x512x1.
10:21:46: Texture: wg/texture2.jpg: Loading 1 faces(PF_R8G8B8,512x512x1) with 5 generated mipmaps from Image. Internal format is PF_X8R8G8B8,512x512x1.
10:21:46: GLSL compiling: 675838396_VS
10:21:46: GLSL compiled : 675838396_VS
10:21:46: GLSL compiling: 743243978_FS
10:21:46: GLSL compiled : 743243978_FS
10:21:46: GLSL compiling: FFPLib_Transform_VS
10:21:46: GLSL compiled : FFPLib_Transform_VS
10:21:46: GLSL compiling: FFPLib_Common_VS
10:21:46: GLSL compiled : FFPLib_Common_VS
10:21:46: GLSL compiling: SGXLib_PerPixelLighting_VS
10:21:46: GLSL compiled : SGXLib_PerPixelLighting_VS
10:21:46: GLSL compiling: FFPLib_Texturing_VS
10:21:46: GLSL compiled : FFPLib_Texturing_VS
10:21:46: GLSL compiling: FFPLib_Common_FS
10:21:46: GLSL compiled : FFPLib_Common_FS
10:21:46: GLSL compiling: SGXLib_PerPixelLighting_FS
10:21:46: GLSL compiled : SGXLib_PerPixelLighting_FS
10:21:46: GLSL compiling: FFPLib_Texturing_FS
10:21:46: GLSL compiled : FFPLib_Texturing_FS
10:21:46: GLSL compiling: 3705947662_VS
10:21:46: GLSL compiled : 3705947662_VS
10:21:46: GLSL compiling: 843964400_FS
10:21:46: GLSL compiled : 843964400_FS
10:21:46: GLSL compiling: FFPLib_Transform_VS
10:21:46: GLSL compiled : FFPLib_Transform_VS
10:21:46: GLSL compiling: FFPLib_Common_VS
10:21:46: GLSL compiled : FFPLib_Common_VS
10:21:46: GLSL compiling: FFPLib_Lighting_VS
10:21:46: GLSL compiled : FFPLib_Lighting_VS
10:21:46: GLSL compiling: FFPLib_Texturing_VS
10:21:46: GLSL compiled : FFPLib_Texturing_VS
10:21:46: GLSL compiling: FFPLib_Common_FS
10:21:46: GLSL compiled : FFPLib_Common_FS
10:21:46: GLSL compiling: FFPLib_Texturing_FS
10:21:46: GLSL compiled : FFPLib_Texturing_FS
10:21:46: GLSL link result : 
10:21:46: GLSL link result : 
10:24:00: DefaultWorkQueue('Root') shutting down on thread 0x1fc84c0.
10:24:00: DefaultWorkQueue('Root')::WorkerFunc - thread 0x7ff320123310 stopped.
10:24:00: DefaultWorkQueue('Root')::WorkerFunc - thread 0x7ff3201228d0 stopped.
10:24:00: DefaultWorkQueue('Root')::WorkerFunc - thread 0x7ff320133240 stopped.
10:24:00: DefaultWorkQueue('Root')::WorkerFunc - thread 0x7ff320132850 stopped.
10:24:00: Unregistering ResourceManager for type BspLevel
10:24:00: *-*-* OGRE Shutdown
10:24:00: Unregistering ResourceManager for type Compositor
10:24:00: Unregistering ResourceManager for type Font
10:24:00: Unregistering ResourceManager for type Skeleton
10:24:00: Unregistering ResourceManager for type Mesh
10:24:00: Unregistering ResourceManager for type HighLevelGpuProgram
10:24:00: Uninstalling plugin: Cg Program Manager
10:24:00: Plugin successfully uninstalled
10:24:00: Unloading library /home/nkoenig/local/lib/OGRE/Plugin_CgProgramManager.so
10:24:00: Uninstalling plugin: Octree & Terrain Scene Manager
10:24:00: Plugin successfully uninstalled
10:24:00: Unloading library /home/nkoenig/local/lib/OGRE/Plugin_OctreeSceneManager.so
10:24:00: Uninstalling plugin: BSP Scene Manager
10:24:00: Plugin successfully uninstalled
10:24:00: Unloading library /home/nkoenig/local/lib/OGRE/Plugin_BSPSceneManager.so
10:24:00: Uninstalling plugin: ParticleFX
10:24:00: Plugin successfully uninstalled
10:24:00: Unloading library /home/nkoenig/local/lib/OGRE/Plugin_ParticleFX.so
10:24:00: Uninstalling plugin: GL RenderSystem
10:24:00: Unregistering ResourceManager for type GpuProgram
10:24:00: ******************************
*** Stopping GLX Subsystem ***
******************************
10:24:00: Unregistering ResourceManager for type Texture
